BinderTest/app/build/intermediates/manifest_merge_blame_file/debug/manifest-merger-blame-debug-report.txt
1<?xml version="1.0" encoding="utf-8"?>
2<manifest xmlns:android="http://schemas.android.com/apk/res/android"
3    package="com.ryg.chapter_2"
4    android:versionCode="1"
5    android:versionName="1.0" >
6
7    <uses-sdk
7-->src/main/AndroidManifest.xml:7:5-47
8        android:minSdkVersion="8"
8-->src/main/AndroidManifest.xml:7:5-47
9        android:targetSdkVersion="19" />
9-->src/main/AndroidManifest.xml:7:15-44
10
11    <permission
11-->src/main/AndroidManifest.xml:9:5-11:44
12        android:name="com.ryg.chapter_2.permission.ACCESS_BOOK_SERVICE"
12-->src/main/AndroidManifest.xml:10:9-72
13        android:protectionLevel="normal" />
13-->src/main/AndroidManifest.xml:11:9-41
14    <permission
14-->src/main/AndroidManifest.xml:12:5-14:44
15        android:name="com.ryg.PROVIDER"
15-->src/main/AndroidManifest.xml:13:9-40
16        android:protectionLevel="normal" />
16-->src/main/AndroidManifest.xml:14:9-41
17
18    <uses-permission android:name="com.ryg.PROVIDER" />
18-->src/main/AndroidManifest.xml:16:5-56
18-->src/main/AndroidManifest.xml:16:22-53
19    <uses-permission android:name="com.ryg.chapter_2.permission.ACCESS_BOOK_SERVICE" />
19-->src/main/AndroidManifest.xml:17:5-88
19-->src/main/AndroidManifest.xml:17:22-85
20    <uses-permission android:name="android.permission.SET_WALLPAPER_HINTS" />
20-->src/main/AndroidManifest.xml:18:5-78
20-->src/main/AndroidManifest.xml:18:22-75
21    <uses-permission android:name="android.permission.SET_WALLPAPER" />
21-->src/main/AndroidManifest.xml:19:5-72
21-->src/main/AndroidManifest.xml:19:22-69
22    <uses-permission android:name="android.permission.BATTERY_STATS" />
22-->src/main/AndroidManifest.xml:20:5-72
22-->src/main/AndroidManifest.xml:20:22-69
23    <uses-permission android:name="android.permission.GET_PACKAGE_SIZE" />
23-->src/main/AndroidManifest.xml:21:5-75
23-->src/main/AndroidManifest.xml:21:22-72
24    <uses-permission android:name="android.permission.GET_TASKS" />
24-->src/main/AndroidManifest.xml:22:5-68
24-->src/main/AndroidManifest.xml:22:22-65
25    <uses-permission android:name="android.permission.RESTART_PACKAGES" />
25-->src/main/AndroidManifest.xml:23:5-75
25-->src/main/AndroidManifest.xml:23:22-72
26    <uses-permission android:name="android.permission.READ_PHONE_STATE" />
26-->src/main/AndroidManifest.xml:24:5-75
26-->src/main/AndroidManifest.xml:24:22-72
27    <uses-permission android:name="android.permission.INTERNET" />
27-->src/main/AndroidManifest.xml:25:5-67
27-->src/main/AndroidManifest.xml:25:22-64
28    <uses-permission android:name="android.permission.ACCESS_NETWORK_STATE" />
28-->src/main/AndroidManifest.xml:26:5-79
28-->src/main/AndroidManifest.xml:26:22-76
29    <uses-permission android:name="android.permission.CHANGE_NETWORK_STATE" />
29-->src/main/AndroidManifest.xml:27:5-79
29-->src/main/AndroidManifest.xml:27:22-76
30    <uses-permission android:name="android.permission.READ_EXTERNAL_STORAGE" />
30-->src/main/AndroidManifest.xml:28:5-80
30-->src/main/AndroidManifest.xml:28:22-77
31    <uses-permission android:name="android.permission.WRITE_EXTERNAL_STORAGE" />
31-->src/main/AndroidManifest.xml:29:5-81
31-->src/main/AndroidManifest.xml:29:22-78
32    <uses-permission android:name="android.permission.READ_LOGS" />
32-->src/main/AndroidManifest.xml:30:5-68
32-->src/main/AndroidManifest.xml:30:22-65
33    <uses-permission android:name="android.permission.READ_SMS" />
33-->src/main/AndroidManifest.xml:31:5-67
33-->src/main/AndroidManifest.xml:31:22-64
34    <uses-permission android:name="android.permission.READ_CONTACTS" />
34-->src/main/AndroidManifest.xml:32:5-72
34-->src/main/AndroidManifest.xml:32:22-69
35    <uses-permission android:name="android.permission.WRITE_SMS" />
35-->src/main/AndroidManifest.xml:33:5-68
35-->src/main/AndroidManifest.xml:33:22-65
36    <uses-permission android:name="android.permission.CHANGE_WIFI_MULTICAST_STATE" />
36-->src/main/AndroidManifest.xml:34:5-86
36-->src/main/AndroidManifest.xml:34:22-83
37    <uses-permission android:name="android.permission.CHANGE_WIFI_STATE" />
37-->src/main/AndroidManifest.xml:35:5-76
37-->src/main/AndroidManifest.xml:35:22-73
38    <uses-permission android:name="android.permission.ACCESS_WIFI_STATE" />
38-->src/main/AndroidManifest.xml:36:5-76
38-->src/main/AndroidManifest.xml:36:22-73
39    <uses-permission android:name="android.permission.KILL_BACKGROUND_PROCESSES" />
39-->src/main/AndroidManifest.xml:37:5-84
39-->src/main/AndroidManifest.xml:37:22-81
40    <uses-permission android:name="android.permission.ACCESS_FINE_LOCATION" />
40-->src/main/AndroidManifest.xml:38:5-79
40-->src/main/AndroidManifest.xml:38:22-76
41    <uses-permission android:name="android.permission.RECORD_AUDIO" />
41-->src/main/AndroidManifest.xml:39:5-71
41-->src/main/AndroidManifest.xml:39:22-68
42    <uses-permission android:name="android.permission.MODIFY_AUDIO_SETTINGS" />
42-->src/main/AndroidManifest.xml:40:5-80
42-->src/main/AndroidManifest.xml:40:22-77
43    <uses-permission android:name="android.permission.CHANGE_CONFIGURATION" />
43-->src/main/AndroidManifest.xml:41:5-79
43-->src/main/AndroidManifest.xml:41:22-76
44    <uses-permission android:name="com.android.launcher.permission.INSTALL_SHORTCUT" />
44-->src/main/AndroidManifest.xml:42:5-88
44-->src/main/AndroidManifest.xml:42:22-85
45    <uses-permission android:name="android.permission.EXPAND_STATUS_BAR" />
45-->src/main/AndroidManifest.xml:43:5-76
45-->src/main/AndroidManifest.xml:43:22-73
46
47    <application
47-->src/main/AndroidManifest.xml:45:5-144:19
48        android:name="com.ryg.chapter_2.MyApplication"
48-->src/main/AndroidManifest.xml:46:9-38
49        android:allowBackup="true"
49-->src/main/AndroidManifest.xml:47:9-35
50        android:debuggable="true"
51        android:icon="@drawable/ic_launcher"
51-->src/main/AndroidManifest.xml:48:9-45
52        android:label="@string/app_name"
52-->src/main/AndroidManifest.xml:49:9-41
53        android:testOnly="true"
54        android:theme="@style/AppTheme" >
54-->src/main/AndroidManifest.xml:50:9-40
55        <activity
55-->src/main/AndroidManifest.xml:51:9-59:20
56            android:name="com.ryg.chapter_2.MainActivity"
56-->src/main/AndroidManifest.xml:52:13-41
57            android:configChanges="orientation|screenSize"
57-->src/main/AndroidManifest.xml:53:13-59
58            android:label="@string/app_name"
58-->src/main/AndroidManifest.xml:54:13-45
59            android:launchMode="standard" >
59-->src/main/AndroidManifest.xml:55:13-42
60            <intent-filter>
60-->src/main/AndroidManifest.xml:56:13-58:29
61                <action android:name="android.intent.action.MAIN" />
61-->src/main/AndroidManifest.xml:57:17-69
61-->src/main/AndroidManifest.xml:57:25-66
62            </intent-filter>
63        </activity>
64        <activity
64-->src/main/AndroidManifest.xml:60:9-64:41
65            android:name="com.ryg.chapter_2.SecondActivity"
65-->src/main/AndroidManifest.xml:61:13-43
66            android:configChanges="screenLayout"
66-->src/main/AndroidManifest.xml:62:13-49
67            android:label="@string/app_name"
67-->src/main/AndroidManifest.xml:63:13-45
68            android:process=":remote" />
68-->src/main/AndroidManifest.xml:64:13-38
69        <activity
69-->src/main/AndroidManifest.xml:65:9-69:58
70            android:name="com.ryg.chapter_2.ThirdActivity"
70-->src/main/AndroidManifest.xml:66:13-42
71            android:configChanges="screenLayout"
71-->src/main/AndroidManifest.xml:67:13-49
72            android:label="@string/app_name"
72-->src/main/AndroidManifest.xml:68:13-45
73            android:process="com.ryg.chapter_2.remote" />
73-->src/main/AndroidManifest.xml:69:13-55
74        <activity
74-->src/main/AndroidManifest.xml:70:9-78:20
75            android:name="com.ryg.chapter_2.aidl.BookManagerActivity"
75-->src/main/AndroidManifest.xml:71:13-53
76            android:label="@string/title_activity_book_manager" >
76-->src/main/AndroidManifest.xml:72:13-64
77            <intent-filter>
77-->src/main/AndroidManifest.xml:73:13-77:29
78                <action android:name="android.intent.action.MAIN" />
78-->src/main/AndroidManifest.xml:57:17-69
78-->src/main/AndroidManifest.xml:57:25-66
79
80                <category android:name="android.intent.category._LAUNCHER" />
80-->src/main/AndroidManifest.xml:76:17-78
80-->src/main/AndroidManifest.xml:76:27-75
81            </intent-filter>
82        </activity>
83        <activity
83-->src/main/AndroidManifest.xml:79:9-85:20
84            android:name="com.ryg.chapter_2.messenger.MessengerActivity"
84-->src/main/AndroidManifest.xml:80:13-56
85            android:label="@string/title_activity_messenger" >
85-->src/main/AndroidManifest.xml:81:13-61
86            <intent-filter>
86-->src/main/AndroidManifest.xml:56:13-58:29
87                <action android:name="android.intent.action.MAIN" />
87-->src/main/AndroidManifest.xml:57:17-69
87-->src/main/AndroidManifest.xml:57:25-66
88            </intent-filter>
89        </activity>
90
91        <service
91-->src/main/AndroidManifest.xml:87:9-93:19
92            android:name="com.ryg.chapter_2.messenger.MessengerService"
92-->src/main/AndroidManifest.xml:88:13-55
93            android:process=":remote" >
93-->src/main/AndroidManifest.xml:89:13-38
94            <intent-filter>
94-->src/main/AndroidManifest.xml:90:13-92:29
95                <action android:name="com.ryg.MessengerService.launch" />
95-->src/main/AndroidManifest.xml:91:17-74
95-->src/main/AndroidManifest.xml:91:25-71
96            </intent-filter>
97        </service>
98        <service
98-->src/main/AndroidManifest.xml:94:9-97:19
99            android:name="com.ryg.chapter_2.aidl.BookManagerService"
99-->src/main/AndroidManifest.xml:95:13-52
100            android:process=":remote" >
100-->src/main/AndroidManifest.xml:96:13-38
101        </service>
102
103        <activity
103-->src/main/AndroidManifest.xml:99:9-107:20
104            android:name="com.ryg.chapter_2.provider.ProviderActivity"
104-->src/main/AndroidManifest.xml:100:13-54
105            android:label="@string/title_activity_provider" >
105-->src/main/AndroidManifest.xml:101:13-60
106            <intent-filter>
106-->src/main/AndroidManifest.xml:73:13-77:29
107                <action android:name="android.intent.action.MAIN" />
107-->src/main/AndroidManifest.xml:57:17-69
107-->src/main/AndroidManifest.xml:57:25-66
108
109                <category android:name="android.intent.category._LAUNCHER" />
109-->src/main/AndroidManifest.xml:76:17-78
109-->src/main/AndroidManifest.xml:76:27-75
110            </intent-filter>
111        </activity>
112
113        <provider
113-->src/main/AndroidManifest.xml:109:9-114:20
114            android:name="com.ryg.chapter_2.provider.BookProvider"
114-->src/main/AndroidManifest.xml:110:13-50
115            android:authorities="com.ryg.chapter_2.book.provider"
115-->src/main/AndroidManifest.xml:111:13-66
116            android:permission="com.ryg.PROVIDER"
116-->src/main/AndroidManifest.xml:112:13-50
117            android:process=":provider" >
117-->src/main/AndroidManifest.xml:113:13-40
118        </provider>
119
120        <service
120-->src/main/AndroidManifest.xml:116:9-118:41
121            android:name="com.ryg.chapter_2.socket.TCPServerService"
121-->src/main/AndroidManifest.xml:117:13-52
122            android:process=":remote" />
122-->src/main/AndroidManifest.xml:118:13-38
123
124        <activity
124-->src/main/AndroidManifest.xml:120:9-129:20
125            android:name="com.ryg.chapter_2.socket.TCPClientActivity"
125-->src/main/AndroidManifest.xml:121:13-53
126            android:label="@string/title_activity_tcpclient"
126-->src/main/AndroidManifest.xml:122:13-61
127            android:windowSoftInputMode="adjustResize" >
127-->src/main/AndroidManifest.xml:123:13-55
128            <intent-filter>
128-->src/main/AndroidManifest.xml:73:13-77:29
129                <action android:name="android.intent.action.MAIN" />
129-->src/main/AndroidManifest.xml:57:17-69
129-->src/main/AndroidManifest.xml:57:25-66
130
131                <category android:name="android.intent.category._LAUNCHER" />
131-->src/main/AndroidManifest.xml:76:17-78
131-->src/main/AndroidManifest.xml:76:27-75
132            </intent-filter>
133        </activity>
134
135        <service
135-->src/main/AndroidManifest.xml:131:9-133:41
136            android:name="com.ryg.chapter_2.binderpool.BinderPoolService"
136-->src/main/AndroidManifest.xml:132:13-57
137            android:process=":remote" />
137-->src/main/AndroidManifest.xml:133:13-38
138
139        <activity
139-->src/main/AndroidManifest.xml:135:9-143:20
140            android:name="com.ryg.chapter_2.binderpool.BinderPoolActivity"
140-->src/main/AndroidManifest.xml:136:13-58
141            android:label="@string/title_activity_binder_pool" >
141-->src/main/AndroidManifest.xml:137:13-63
142            <intent-filter>
142-->src/main/AndroidManifest.xml:138:13-142:29
143                <action android:name="android.intent.action.MAIN" />
143-->src/main/AndroidManifest.xml:57:17-69
143-->src/main/AndroidManifest.xml:57:25-66
144
145                <category android:name="android.intent.category.LAUNCHER" />
145-->src/main/AndroidManifest.xml:141:17-77
145-->src/main/AndroidManifest.xml:141:27-74
146            </intent-filter>
147        </activity>
148    </application>
149
150</manifest>